Case #1: 3 185
Case #2: 3 25
Case #3: 3 26
Case #4: 1 21
Case #5: 1 2
Case #6: 94 130
Case #7: 3 259
Case #8: 3 181
Case #9: 3 153
Case #10: 3 129
Case #11: 3 240
Case #12: 0 1
Case #13: 7 9
Case #14: 2 10
Case #15: 88 132
Case #16: 3 237
Case #17: 3 165
Case #18: 3 9
Case #19: 5 23
Case #20: 2 12
Case #21: 3 234
Case #22: 2 26
Case #23: 22 112
Case #24: 21 2
Case #25: 2 34
Case #26: 3 127
Case #27: 3 117
Case #28: 3 194
Case #29: 3 161
Case #30: 3 118
Case #31: 3 153
Case #32: 0 62
Case #33: 6 2
Case #34: 3 231
Case #35: 155 208
Case #36: 2 13
Case #37: 398 1
Case #38: 86 132
Case #39: 83 114
Case #40: 3 264
Case #41: 0 1
Case #42: 97 106
Case #43: 3 184
Case #44: 4 19
Case #45: 1 13
Case #46: 95 137
Case #47: 3 176
Case #48: 3 268
Case #49: 117 156
Case #50: 3 146
