Case #1:
472826.354495
11059.9405966
7811.69595622
18313.0671231
229899229.203
864170501.0
472826.354495
472826.354495
88.2836338174
Case #2:
239.645571626
10.0
-1520.54572483
59926.562098
1622.53671976
740.958664289
-44.7774352007
1847.5007928
6582.62904005
Case #3:
6187166.09121
-12606.688034
90387.2151081
632627725.316
928486.25586
-78429.9982129
69505.4102526
-53190.1983124
-46813.3178171
3.46410161514
Case #4:
156911.504075
153.889570797
153.889570797
221925805.162
15895902.245
1278292.35078
10526354.5784
15895902.245
Case #5:
-6849608.17893
44885.5133292
975650705.0
Case #6:
48799.390365
4723388.65308
1382874.34441
44570.1882428
1201012.13487
12853703.2178
238138050.0
416218225.405
-258160.277405
-3002833.13773
Case #7:
298201.462461
-80012.4804748
-4876.32940763
-1563361.68125
79163.6644554
-70600.2234612
-132072.434151
174601.215084
Case #8:
612.592850105
1931.14025794
Case #9:
1000000000.0
Case #10:
70847.1116252
494573.590387
-67603.167699
291984473.104
-654.03781016
667332.166507
-73057150.534
-15690404.4376
11590585.9673
645917092.726
Case #11:
5724246.67533
181.016573827
1.0
Case #12:
5358536.31259
3592595.35702
-1434.60164837
4652.27729248
7553.10739009
25367.392436
3560453.07493
-9511.70865137
33628.7400241
8467.13493001
Case #13:
9.0
637622.23828
637622.23828
Case #14:
27109.5702659
-185255.109382
-37660.4826987
-24524.9873606
451280.400276
-272358.413294
44557.5315243
-419877.584059
Case #15:
2.88449914061
1355.15134215
-141.991397918
4.0
3024.05934318
2.44948974278
-349.565579222
Case #16:
5.0
-18169.9382005
-1592.67921716
-17698.5075407
5.0
6006.9531649
-6797.31361203
Case #17:
965.40238471
93.9785676201
52762.5932266
-1967.46874722
-4429.93006116
10051.3142896
-10614.7872838
1772.39596873
-1512.60191069
Case #18:
1459.01466016
2387.31804556
38560.0199949
2387.31804556
-1095.71837469
-86.1539084511
-1744.5175622
11086.7543943
11086.7543943
9.0
Case #19:
46319.5553212
8881.25380209
-15813.6196315
-7667.53077714
1401.33617196
-35424.5347548
6111.50240929
39358.7658343
Case #20:
375505571.0
-36522.8584263
275727.554984
41682.9565291
Case #21:
-231853.66909
-1509506.91797
95322.2732629
Case #22:
60093.7570967
53474.0
2113.3382907
420.128551755
67533.0
420.128551755
Case #23:
57895.5242438
882.687016008
20.1620173088
634.476161885
-56558.0287616
-4811.25552593
341958.583402
72670.0
78766.333022
117.209695292
Case #24:
94.0874770409
-14625.4970078
74639.689087
1008.8683308
47525.286259
56.9894306862
Case #25:
504713804.059
6.21446501191
515444.743141
31.1984748109
99.5058286359
6.92820323028
1318593.5847
Case #26:
11327851.9759
-695317.718675
246246.518286
-317603.430005
385.535990538
6943850.27492
-362462.139404
-33219.3145441
180573.704205
-362462.139404
Case #27:
900.835812446
-261.943108492
35.9582850148
81.4984662432
131.603105552
3216.30908377
199855.057902
8.48528137424
-821.71374819
22099.7289906
Case #28:
1254140.11366
58481.0
1024289.04784
1024289.04784
1254140.11366
1254140.11366
588798.753726
588798.753726
1024289.04784
64302.2788476
Case #29:
9.0
67007.4581819
9.0
Case #30:
70136.598998
-16223.1937462
31599.4726525
-87117.1040579
28620.3901596
-8436.89338584
7809.60747178
Case #31:
25890.0
25890.0
25890.0
25890.0
25890.0
25890.0
25890.0
25890.0
25890.0
Case #32:
46489.2338936
16682.9148604
1950.3960712
-4871.64598716
-5704.66081028
315530706.0
Case #33:
42549.9570551
Case #34:
664402754.0
758501389.0
709894648.356
709894648.356
664402754.0
758501389.0
758501389.0
664402754.0
Case #35:
6.32455532034
6.32455532034
10.0
91558.282094
91558.282094
6.32455532034
10.0
Case #36:
27518772.4597
524364720.118
27518772.4597
Case #37:
400883541.31
496504069.055
443704758.486
Case #38:
8.0
8.0
8.0
8.0
Case #39:
543.876992089
1356.36344471
56961.961606
-1041.83301557
-40.0446517402
94.9916890236
5.0
Case #40:
217.901774807
7036.62381818
12430.4671789
2087.54906942
7036.62381818
955.014877531
Case #41:
6.0
85418.1410767
810695425.0
4.0
810695425.0
4.0
3078.83731133
Case #42:
2711941.25284
80083467.0
Case #43:
52410722.0442
4035275.63919
-8495.65780695
14264.3490075
-295969.185261
Case #44:
5614136.0882
157922.654766
-3817666.69048
Case #45:
79314.6123738
25399.1628996
Case #46:
7.0
Case #47:
5224.21806573
Case #48:
56810.0
56810.0
56810.0
56810.0
56810.0
56810.0
56810.0
56810.0
56810.0
Case #49:
490389772.0
2824045.28052
28183851.0423
1222770.7041
6440010.41826
1454500.83597
41499333.5439
339838228.0
6183968.22976
-479897.587993
Case #50:
795511033.573
2628.80497015
3.16227766017
4.48140474656
Case #51:
875125508.587
976543791.0
875125508.587
784239952.0
875125508.587
784239952.0
Case #52:
3.74165738677
2.44948974278
3.0
3.74165738677
2.0
3.74165738677
2.44948974278
3.0
7.0
Case #53:
79477.0
10771055.0
157062.107112
925230.316319
4526.0
79477.0
157062.107112
925230.316319
10771055.0
Case #54:
10.0
10.0
10.0
10.0
10.0
10.0
10.0
10.0
10.0
10.0
Case #55:
-345714.928572
-8103.05709243
-18981.8867343
102935.733968
972.460796125
23842.1699341
24281.633152
-8103.05709243
-181966.224421
-32009.2654852
Case #56:
13297.0
5108245.5223
18651271.113
833105883.0
8725205.76196
7840009.5367
4934510.92316
Case #57:
519425398.0
1502775.64201
7.74596669241
-354.200682343
1502775.64201
22644.1866855
1418751.7159
576.187469492
-25667.1246329
7.74596669241
Case #58:
1.0
2.0
Case #59:
99724.0
18613.0
34868.8741717
43083.208005
49494.6791826
34868.8741717
34868.8741717
43083.208005
34868.8741717
Case #60:
4743182.59699
8.0
2729.20381564
-496.943816499
304892.033818
Case #61:
1.41421356237
2.44948974278
Case #62:
32.0
32.0
32.0
32.0
32.0
32.0
32.0
32.0
32.0
Case #63:
1714412.03185
38896.1830665
554.395587707
-12877.3960898
333.682483808
1833.36412535
777.6974392
489.918687049
-175.131997288
447351053.758
Case #64:
3.87298334621
2262.85409083
Case #65:
250192375.156
Case #66:
4.0
4.0
4.0
Case #67:
-899.436149612
2522.16406133
-2873.19888724
-3268.18775213
-2873.19888724
14943.4511167
-2115.31959782
-5738.0400738
1340.03551277
8811.89390676
Case #68:
-33432.6586092
381323819.0
23236.0
-33432.6586092
Case #69:
-356616.17686
Case #70:
-524626.882214
1508959.151
46526.4977181
704435.33259
-132127.585427
-7501497.83027
885148.92699
-7501497.83027
74989.3312012
610989137.0
Case #71:
139.786340759
11795.6401733
127.004319195
23156.4663971
-1573.07733543
127.004319195
338230344.528
8.0
47203.7087068
882115.517903
Case #72:
812229559.0
1236434.11978
813724691.0
1211808.74174
44736.6636664
837613717.121
-6168718.2443
837613717.121
Case #73:
59953.3312288
Case #74:
-3133.71000663
-324410.052507
34645.1958437
34645.1958437
2682.0297172
21285.2328678
194186.8864
5350.89061217
2195849.70235
240714688.0
Case #75:
-326.334284418
8.0
6334.21063502
317.679083353
335.225297375
167.612648687
14047.0
Case #76:
413184.76912
301151628.805
857008222.118
-6458925.1707
Case #77:
7.0
7.0
7.0
7.0
7.0
7.0
7.0
7.0
Case #78:
-28869.3643769
Case #79:
1804.05150352
4.0
68035.7378143
68035.7378143
576.78418841
38312.7567528
Case #80:
834.481875178
7.0
834.481875178
834.481875178
Case #81:
2863.77522724
2863.77522724
1008503.74876
60329.3092535
3.0
5.9160797831
27199.6883806
-31953.4993657
1.73205080757
366047.883996
Case #82:
-448.751349551
14344978.3526
-10626.8736975
56785.0
-10626.8736975
-392010.247171
-44994.795181
-43045.5352059
-63286.936268
5959434.09743
Case #83:
2211.00526763
Case #84:
-3937.87662474
71339.8999579
217.366050707
1372.5004167
1372.5004167
Case #85:
317759.01783
39436.6208159
366.081958037
46965.6125615
1607.49543431
4761871.04698
90707.0
3.0
-159129.515533
66642.138869
Case #86:
66127.4555234
54940.0
-383083.75228
27070.0890283
75866.0
63173.7653819
34825.59955
38780.9204269
Case #87:
22167.0
78093.5176567
210.556405744
31184.9964164
351.798237631
872965.723709
3000361.39278
82525.0
-36676.3130428
26209.5186043
Case #88:
496133638.698
429090868.0
352976.030653
821.265444504
128526.117549
50206.0
40262.0
-437764.386902
-354353.008381
550046.181923
Case #89:
50577.1208841
-33643.3468967
47357.8608892
42877.7628775
-56547.7320071
1121150.91556
243192.778574
-15449.8223005
-15449.8223005
30385.4585832
Case #90:
1421987.9503
4017.60471996
862171643.0
8.0
88149.0
91959.0
73295.0077576
Case #91:
-5307.43001871
Case #92:
-437888.234627
-437888.234627
11661.6098374
Case #93:
4.0
91.4389292581
5.65685424949
5.65685424949
-15.1793169643
2.0
Case #94:
-45.2265171159
101.508917171
3286641.73782
31.1411124885
74711.0
2.0
71.0508573004
773.172974938
-114.065117012
3286641.73782
Case #95:
2.0
Case #96:
7926.87334813
-395.497426556
-2321.38193338
3883.93529568
451.608237303
39988.0
-505.453827493
7926.87334813
Case #97:
508363823.998
561167697.961
Case #98:
47657.2078842
1128431.40033
33301.0
442076042.0
Case #99:
-172067.621863
35231.0
3.16227766017
82.8854631404
35231.0
623.199700319
687.0
623.199700319
-25491.415944
2023.88923933
Case #100:
40291.8208999
22.8510343224
-31.9223250638
51709.9629085
-352.124472842
-3291.71001434
608.610352393
42490.9220422
-5558.50811491
645.427373638
