Case #1: not a triangle
Case #2: scalene obtuse traingle
Case #3: isosceles acute traingle
Case #4: isosceles obtuse traingle
Case #5: isosceles obtuse traingle
Case #6: scalene obtuse traingle
Case #7: scalene obtuse traingle
Case #8: not a triangle
Case #9: isosceles obtuse traingle
Case #10: scalene acute traingle
Case #11: isosceles acute traingle
Case #12: not a triangle
Case #13: isosceles obtuse traingle
Case #14: scalene right traingle
Case #15: scalene obtuse traingle
Case #16: scalene right traingle
Case #17: scalene obtuse traingle
Case #18: isosceles obtuse traingle
Case #19: isosceles right traingle
Case #20: not a triangle
Case #21: isosceles right traingle
Case #22: scalene right traingle
Case #23: scalene obtuse traingle
Case #24: isosceles obtuse traingle
Case #25: isosceles acute traingle
Case #26: scalene right traingle
Case #27: scalene right traingle
Case #28: scalene obtuse traingle
Case #29: isosceles obtuse traingle
Case #30: isosceles right traingle
Case #31: isosceles right traingle
Case #32: not a triangle
Case #33: scalene obtuse traingle
Case #34: scalene obtuse traingle
Case #35: scalene right traingle
Case #36: isosceles acute traingle
Case #37: not a triangle
Case #38: not a triangle
Case #39: isosceles acute traingle
Case #40: scalene acute traingle
Case #41: isosceles right traingle
Case #42: scalene acute traingle
Case #43: scalene acute traingle
Case #44: not a triangle
Case #45: scalene right traingle
Case #46: scalene obtuse traingle
Case #47: isosceles right traingle
Case #48: scalene right traingle
Case #49: isosceles acute traingle
Case #50: isosceles obtuse traingle
Case #51: not a triangle
Case #52: not a triangle
Case #53: isosceles right traingle
Case #54: scalene obtuse traingle
Case #55: isosceles obtuse traingle
Case #56: isosceles right traingle
Case #57: not a triangle
Case #58: isosceles obtuse traingle
Case #59: scalene obtuse traingle
Case #60: isosceles obtuse traingle
Case #61: scalene acute traingle
Case #62: scalene obtuse traingle
Case #63: isosceles obtuse traingle
Case #64: scalene obtuse traingle
Case #65: isosceles right traingle
Case #66: not a triangle
Case #67: scalene acute traingle
Case #68: isosceles obtuse traingle
Case #69: isosceles obtuse traingle
Case #70: isosceles right traingle
Case #71: isosceles right traingle
Case #72: not a triangle
Case #73: not a triangle
Case #74: isosceles obtuse traingle
Case #75: isosceles acute traingle
Case #76: scalene acute traingle
Case #77: isosceles obtuse traingle
Case #78: scalene obtuse traingle
Case #79: scalene obtuse traingle
Case #80: scalene obtuse traingle
Case #81: scalene acute traingle
Case #82: isosceles acute traingle
Case #83: isosceles acute traingle
Case #84: isosceles obtuse traingle
Case #85: scalene obtuse traingle
Case #86: isosceles acute traingle
Case #87: not a triangle
Case #88: scalene obtuse traingle
Case #89: isosceles obtuse traingle
Case #90: not a triangle
Case #91: isosceles acute traingle
Case #92: not a triangle
Case #93: isosceles right traingle
Case #94: isosceles acute traingle
Case #95: isosceles obtuse traingle
Case #96: isosceles obtuse traingle
Case #97: isosceles right traingle
Case #98: not a triangle
Case #99: not a triangle
Case #100: not a triangle
