Case #1: isosceles obtuse traingle
Case #2: scalene acute traingle
Case #3: isosceles acute traingle
Case #4: scalene right traingle
Case #5: scalene obtuse traingle
Case #6: isosceles right traingle
Case #7: not a triangle
Case #8: not a triangle
Case #9: not a triangle
Case #10: not a triangle
Case #11: not a triangle
Case #12: isosceles right traingle
Case #13: scalene right traingle
Case #14: isosceles right traingle
Case #15: scalene right traingle
Case #16: not a triangle
Case #17: scalene obtuse traingle
Case #18: scalene obtuse traingle
Case #19: scalene acute traingle
Case #20: scalene obtuse traingle
Case #21: scalene obtuse traingle
Case #22: scalene obtuse traingle
Case #23: scalene obtuse traingle
Case #24: scalene acute traingle
Case #25: scalene obtuse traingle
Case #26: scalene acute traingle
Case #27: scalene obtuse traingle
Case #28: scalene right traingle
Case #29: isosceles obtuse traingle
Case #30: scalene obtuse traingle
Case #31: scalene acute traingle
Case #32: scalene acute traingle
Case #33: scalene acute traingle
Case #34: scalene acute traingle
Case #35: scalene acute traingle
Case #36: scalene obtuse traingle
Case #37: scalene acute traingle
Case #38: scalene obtuse traingle
Case #39: scalene obtuse traingle
Case #40: scalene obtuse traingle
Case #41: scalene obtuse traingle
Case #42: scalene obtuse traingle
Case #43: not a triangle
Case #44: scalene obtuse traingle
Case #45: scalene obtuse traingle
Case #46: scalene obtuse traingle
Case #47: scalene acute traingle
Case #48: scalene right traingle
Case #49: scalene acute traingle
Case #50: scalene obtuse traingle
Case #51: scalene obtuse traingle
Case #52: scalene obtuse traingle
Case #53: scalene obtuse traingle
Case #54: scalene obtuse traingle
Case #55: scalene obtuse traingle
Case #56: scalene obtuse traingle
Case #57: scalene obtuse traingle
Case #58: scalene acute traingle
Case #59: scalene obtuse traingle
Case #60: scalene obtuse traingle
Case #61: scalene obtuse traingle
Case #62: scalene obtuse traingle
Case #63: scalene obtuse traingle
Case #64: scalene acute traingle
Case #65: scalene obtuse traingle
Case #66: scalene obtuse traingle
Case #67: not a triangle
Case #68: scalene obtuse traingle
Case #69: scalene obtuse traingle
Case #70: scalene obtuse traingle
Case #71: isosceles right traingle
Case #72: scalene acute traingle
Case #73: scalene obtuse traingle
Case #74: scalene obtuse traingle
Case #75: scalene obtuse traingle
Case #76: scalene acute traingle
Case #77: scalene right traingle
Case #78: scalene obtuse traingle
Case #79: not a triangle
Case #80: scalene acute traingle
Case #81: scalene obtuse traingle
Case #82: scalene acute traingle
Case #83: scalene obtuse traingle
Case #84: scalene acute traingle
Case #85: isosceles acute traingle
Case #86: scalene obtuse traingle
Case #87: scalene obtuse traingle
Case #88: scalene obtuse traingle
Case #89: scalene acute traingle
Case #90: scalene acute traingle
Case #91: scalene obtuse traingle
Case #92: scalene obtuse traingle
Case #93: scalene acute traingle
Case #94: scalene acute traingle
Case #95: scalene obtuse traingle
Case #96: isosceles acute traingle
Case #97: scalene obtuse traingle
Case #98: scalene obtuse traingle
Case #99: scalene obtuse traingle
Case #100: scalene obtuse traingle
